[18:56:23] [Server thread/INFO]: Starting minecraft server version 1.8.8
[18:56:23] [Server thread/INFO]: Loading properties
[18:56:23] [Server thread/WARN]: server.properties does not exist
[18:56:23] [Server thread/INFO]: Generating new properties file
[18:56:23] [Server console handler/ERROR]: Exception handling console input
java.io.IOException: The handle is invalid
	at java.base/java.io.FileInputStream.readBytes(Native Method) ~[?:?]
	at java.base/java.io.FileInputStream.read(FileInputStream.java:271) ~[?:?]
	at java.base/java.io.BufferedInputStream.fill(BufferedInputStream.java:244) ~[?:?]
	at java.base/java.io.BufferedInputStream.read(BufferedInputStream.java:263) ~[?:?]
	at org.bukkit.craftbukkit.libs.jline.internal.NonBlockingInputStream.read(NonBlockingInputStream.java:248) ~[MainPlugin.jar:git-Spigot-21fe707-e1ebe52]
	at org.bukkit.craftbukkit.libs.jline.internal.InputStreamReader.read(InputStreamReader.java:261) ~[MainPlugin.jar:git-Spigot-21fe707-e1ebe52]
	at org.bukkit.craftbukkit.libs.jline.internal.InputStreamReader.read(InputStreamReader.java:198) ~[MainPlugin.jar:git-Spigot-21fe707-e1ebe52]
	at org.bukkit.craftbukkit.libs.jline.console.ConsoleReader.readCharacter(ConsoleReader.java:2145) ~[MainPlugin.jar:git-Spigot-21fe707-e1ebe52]
	at org.bukkit.craftbukkit.libs.jline.console.ConsoleReader.readLineSimple(ConsoleReader.java:3183) ~[MainPlugin.jar:git-Spigot-21fe707-e1ebe52]
	at org.bukkit.craftbukkit.libs.jline.console.ConsoleReader.readLine(ConsoleReader.java:2333) ~[MainPlugin.jar:git-Spigot-21fe707-e1ebe52]
	at org.bukkit.craftbukkit.libs.jline.console.ConsoleReader.readLine(ConsoleReader.java:2269) ~[MainPlugin.jar:git-Spigot-21fe707-e1ebe52]
	at org.bukkit.craftbukkit.libs.jline.console.ConsoleReader.readLine(ConsoleReader.java:2257) ~[MainPlugin.jar:git-Spigot-21fe707-e1ebe52]
	at net.minecraft.server.v1_8_R3.DedicatedServer$2.run(DedicatedServer.java:81) [MainPlugin.jar:git-Spigot-21fe707-e1ebe52]
[18:56:23] [Server thread/WARN]: Failed to load eula.txt
[18:56:23] [Server thread/INFO]: You need to agree to the EULA in order to run the server. Go to eula.txt for more info.
[18:56:23] [Server thread/INFO]: Stopping server
